{"F:\\Repos\\SpaceDucksMMO\\packages\\client\\src\\application\\ui\\GameScreenManager.ts": {"path":"F:\\Repos\\SpaceDucksMMO\\packages\\client\\src\\application\\ui\\GameScreenManager.ts","statementMap":{"0":{"start":{"line":4,"column":0},"end":{"line":4,"column":49}},"1":{"start":{"line":35,"column":12},"end":{"line":35,"column":38}},"2":{"start":{"line":36,"column":12},"end":{"line":36,"column":38}},"3":{"start":{"line":28,"column":10},"end":{"line":28,"column":56}},"4":{"start":{"line":29,"column":10},"end":{"line":29,"column":78}},"5":{"start":{"line":30,"column":19},"end":{"line":30,"column":45}},"6":{"start":{"line":31,"column":10},"end":{"line":31,"column":31}},"7":{"start":{"line":32,"column":10},"end":{"line":32,"column":34}},"8":{"start":{"line":38,"column":4},"end":{"line":38,"column":49}},"9":{"start":{"line":45,"column":50},"end":{"line":51,"column":6}},"10":{"start":{"line":52,"column":4},"end":{"line":52,"column":44}},"11":{"start":{"line":61,"column":4},"end":{"line":72,"column":5}},"12":{"start":{"line":62,"column":6},"end":{"line":62,"column":33}},"13":{"start":{"line":65,"column":6},"end":{"line":65,"column":66}},"14":{"start":{"line":66,"column":6},"end":{"line":66,"column":46}},"15":{"start":{"line":67,"column":6},"end":{"line":67,"column":34}},"16":{"start":{"line":70,"column":6},"end":{"line":70,"column":35}},"17":{"start":{"line":71,"column":6},"end":{"line":71,"column":13}},"18":{"start":{"line":75,"column":4},"end":{"line":75,"column":32}},"19":{"start":{"line":76,"column":4},"end":{"line":76,"column":48}},"20":{"start":{"line":77,"column":4},"end":{"line":77,"column":46}},"21":{"start":{"line":80,"column":4},"end":{"line":80,"column":64}},"22":{"start":{"line":83,"column":4},"end":{"line":83,"column":24}},"23":{"start":{"line":86,"column":4},"end":{"line":86,"column":44}},"24":{"start":{"line":89,"column":4},"end":{"line":89,"column":24}},"25":{"start":{"line":92,"column":4},"end":{"line":92,"column":32}},"26":{"start":{"line":95,"column":4},"end":{"line":95,"column":33}},"27":{"start":{"line":96,"column":4},"end":{"line":96,"column":48}},"28":{"start":{"line":103,"column":4},"end":{"line":103,"column":44}},"29":{"start":{"line":106,"column":4},"end":{"line":111,"column":6}},"30":{"start":{"line":107,"column":20},"end":{"line":107,"column":62}},"31":{"start":{"line":108,"column":6},"end":{"line":110,"column":7}},"32":{"start":{"line":109,"column":8},"end":{"line":109,"column":50}},"33":{"start":{"line":116,"column":22},"end":{"line":116,"column":51}},"34":{"start":{"line":118,"column":4},"end":{"line":124,"column":7}},"35":{"start":{"line":119,"column":6},"end":{"line":123,"column":7}},"36":{"start":{"line":120,"column":8},"end":{"line":120,"column":28}},"37":{"start":{"line":122,"column":8},"end":{"line":122,"column":89}},"38":{"start":{"line":128,"column":4},"end":{"line":128,"column":59}},"39":{"start":{"line":128,"column":34},"end":{"line":128,"column":57}},"40":{"start":{"line":135,"column":4},"end":{"line":135,"column":30}},"41":{"start":{"line":143,"column":4},"end":{"line":143,"column":29}},"42":{"start":{"line":151,"column":4},"end":{"line":151,"column":29}},"43":{"start":{"line":27,"column":0},"end":{"line":27,"column":13}},"44":{"start":{"line":155,"column":0},"end":{"line":155,"column":33}}},"fnMap":{"0":{"name":"(anonymous_1)","decl":{"start":{"line":34,"column":2},"end":{"line":34,"column":null}},"loc":{"start":{"line":36,"column":38},"end":{"line":39,"column":3}}},"1":{"name":"(anonymous_2)","decl":{"start":{"line":44,"column":10},"end":{"line":44,"column":20}},"loc":{"start":{"line":44,"column":37},"end":{"line":53,"column":3}}},"2":{"name":"(anonymous_3)","decl":{"start":{"line":59,"column":2},"end":{"line":59,"column":7}},"loc":{"start":{"line":59,"column":43},"end":{"line":97,"column":3}}},"3":{"name":"(anonymous_4)","decl":{"start":{"line":102,"column":2},"end":{"line":102,"column":14}},"loc":{"start":{"line":102,"column":59},"end":{"line":112,"column":3}}},"4":{"name":"(anonymous_5)","decl":{"start":{"line":106,"column":11},"end":{"line":106,"column":14}},"loc":{"start":{"line":106,"column":16},"end":{"line":111,"column":5}}},"5":{"name":"(anonymous_6)","decl":{"start":{"line":114,"column":10},"end":{"line":114,"column":26}},"loc":{"start":{"line":114,"column":51},"end":{"line":125,"column":3}}},"6":{"name":"(anonymous_7)","decl":{"start":{"line":118,"column":22},"end":{"line":118,"column":23}},"loc":{"start":{"line":118,"column":29},"end":{"line":124,"column":5}}},"7":{"name":"(anonymous_8)","decl":{"start":{"line":127,"column":10},"end":{"line":127,"column":14}},"loc":{"start":{"line":127,"column":25},"end":{"line":129,"column":3}}},"8":{"name":"(anonymous_9)","decl":{"start":{"line":128,"column":23},"end":{"line":128,"column":30}},"loc":{"start":{"line":128,"column":34},"end":{"line":128,"column":57}}},"9":{"name":"(anonymous_10)","decl":{"start":{"line":134,"column":2},"end":{"line":134,"column":18}},"loc":{"start":{"line":134,"column":18},"end":{"line":136,"column":3}}},"10":{"name":"(anonymous_11)","decl":{"start":{"line":142,"column":2},"end":{"line":142,"column":17}},"loc":{"start":{"line":142,"column":17},"end":{"line":144,"column":3}}},"11":{"name":"(anonymous_12)","decl":{"start":{"line":150,"column":2},"end":{"line":150,"column":17}},"loc":{"start":{"line":150,"column":17},"end":{"line":152,"column":3}}}},"branchMap":{"0":{"loc":{"start":{"line":52,"column":11},"end":{"line":52,"column":43}},"type":"binary-expr","locations":[{"start":{"line":52,"column":11},"end":{"line":52,"column":32}},{"start":{"line":52,"column":36},"end":{"line":52,"column":43}}]},"1":{"loc":{"start":{"line":61,"column":4},"end":{"line":72,"column":5}},"type":"if","locations":[{"start":{"line":61,"column":4},"end":{"line":72,"column":5}},{"start":{},"end":{}}]},"2":{"loc":{"start":{"line":108,"column":6},"end":{"line":110,"column":7}},"type":"if","locations":[{"start":{"line":108,"column":6},"end":{"line":110,"column":7}},{"start":{},"end":{}}]}},"s":{"0":1,"1":9,"2":9,"3":9,"4":9,"5":9,"6":9,"7":9,"8":9,"9":5,"10":5,"11":5,"12":3,"13":3,"14":3,"15":3,"16":3,"17":3,"18":2,"19":2,"20":2,"21":2,"22":2,"23":2,"24":2,"25":2,"26":2,"27":2,"28":7,"29":7,"30":3,"31":3,"32":2,"33":13,"34":13,"35":9,"36":9,"37":1,"38":6,"39":6,"40":2,"41":1,"42":1,"43":1,"44":1},"f":{"0":9,"1":5,"2":5,"3":7,"4":3,"5":13,"6":9,"7":6,"8":6,"9":2,"10":1,"11":1},"b":{"0":[5,0],"1":[3,2],"2":[2,1]}}
,"F:\\Repos\\SpaceDucksMMO\\packages\\client\\src\\domain\\scene\\SceneId.ts": {"path":"F:\\Repos\\SpaceDucksMMO\\packages\\client\\src\\domain\\scene\\SceneId.ts","statementMap":{"0":{"start":{"line":4,"column":0},"end":{"line":4,"column":null}},"1":{"start":{"line":6,"column":2},"end":{"line":6,"column":null}},"2":{"start":{"line":8,"column":2},"end":{"line":8,"column":null}},"3":{"start":{"line":10,"column":2},"end":{"line":10,"column":null}},"4":{"start":{"line":12,"column":2},"end":{"line":12,"column":null}},"5":{"start":{"line":14,"column":2},"end":{"line":14,"column":null}},"6":{"start":{"line":17,"column":0},"end":{"line":17,"column":23}}},"fnMap":{"0":{"name":"(anonymous_0)","decl":{"start":{"line":4,"column":0},"end":{"line":4,"column":5}},"loc":{"start":{"line":4,"column":12},"end":{"line":15,"column":1}}}},"branchMap":{"0":{"loc":{"start":{"line":4,"column":5},"end":{"line":4,"column":null}},"type":"binary-expr","locations":[{"start":{"line":4,"column":5},"end":{"line":4,"column":12}},{"start":{"line":4,"column":5},"end":{"line":4,"column":null}}]}},"s":{"0":1,"1":1,"2":1,"3":1,"4":1,"5":1,"6":1},"f":{"0":1},"b":{"0":[1,1]}}
,"F:\\Repos\\SpaceDucksMMO\\packages\\client\\src\\domain\\ui\\ScreenId.ts": {"path":"F:\\Repos\\SpaceDucksMMO\\packages\\client\\src\\domain\\ui\\ScreenId.ts","statementMap":{"0":{"start":{"line":1,"column":0},"end":{"line":1,"column":null}},"1":{"start":{"line":2,"column":2},"end":{"line":2,"column":null}},"2":{"start":{"line":3,"column":2},"end":{"line":3,"column":null}},"3":{"start":{"line":4,"column":2},"end":{"line":4,"column":null}},"4":{"start":{"line":5,"column":2},"end":{"line":5,"column":null}},"5":{"start":{"line":7,"column":2},"end":{"line":7,"column":null}},"6":{"start":{"line":10,"column":0},"end":{"line":10,"column":24}}},"fnMap":{"0":{"name":"(anonymous_0)","decl":{"start":{"line":1,"column":0},"end":{"line":1,"column":12}},"loc":{"start":{"line":1,"column":20},"end":{"line":8,"column":1}}}},"branchMap":{"0":{"loc":{"start":{"line":1,"column":12},"end":{"line":1,"column":null}},"type":"binary-expr","locations":[{"start":{"line":1,"column":12},"end":{"line":1,"column":20}},{"start":{"line":1,"column":20},"end":{"line":1,"column":null}}]}},"s":{"0":1,"1":1,"2":1,"3":1,"4":1,"5":1,"6":1},"f":{"0":1},"b":{"0":[1,1]}}
}
