TN:
SF:packages\client\src\application\ui\GameScreenManager.ts
FN:34,(anonymous_1)
FN:44,(anonymous_2)
FN:59,(anonymous_3)
FN:102,(anonymous_4)
FN:106,(anonymous_5)
FN:114,(anonymous_6)
FN:118,(anonymous_7)
FN:127,(anonymous_8)
FN:128,(anonymous_9)
FN:134,(anonymous_10)
FN:142,(anonymous_11)
FN:150,(anonymous_12)
FNF:12
FNH:12
FNDA:9,(anonymous_1)
FNDA:5,(anonymous_2)
FNDA:5,(anonymous_3)
FNDA:7,(anonymous_4)
FNDA:3,(anonymous_5)
FNDA:13,(anonymous_6)
FNDA:9,(anonymous_7)
FNDA:6,(anonymous_8)
FNDA:6,(anonymous_9)
FNDA:2,(anonymous_10)
FNDA:1,(anonymous_11)
FNDA:1,(anonymous_12)
DA:4,1
DA:27,1
DA:28,9
DA:29,9
DA:30,9
DA:31,9
DA:32,9
DA:35,9
DA:36,9
DA:38,9
DA:45,5
DA:52,5
DA:61,5
DA:62,3
DA:65,3
DA:66,3
DA:67,3
DA:70,3
DA:71,3
DA:75,2
DA:76,2
DA:77,2
DA:80,2
DA:83,2
DA:86,2
DA:89,2
DA:92,2
DA:95,2
DA:96,2
DA:103,7
DA:106,7
DA:107,3
DA:108,3
DA:109,2
DA:116,13
DA:118,13
DA:119,9
DA:120,9
DA:122,1
DA:128,6
DA:135,2
DA:143,1
DA:151,1
DA:155,1
LF:44
LH:44
BRDA:52,0,0,5
BRDA:52,0,1,0
BRDA:61,1,0,3
BRDA:61,1,1,2
BRDA:108,2,0,2
BRDA:108,2,1,1
BRF:6
BRH:5
end_of_record
TN:
SF:packages\client\src\domain\scene\SceneId.ts
FN:4,(anonymous_0)
FNF:1
FNH:1
FNDA:1,(anonymous_0)
DA:4,1
DA:6,1
DA:8,1
DA:10,1
DA:12,1
DA:14,1
DA:17,1
LF:7
LH:7
BRDA:4,0,0,1
BRDA:4,0,1,1
BRF:2
BRH:2
end_of_record
TN:
SF:packages\client\src\domain\ui\ScreenId.ts
FN:1,(anonymous_0)
FNF:1
FNH:1
FNDA:1,(anonymous_0)
DA:1,1
DA:2,1
DA:3,1
DA:4,1
DA:5,1
DA:7,1
DA:10,1
LF:7
LH:7
BRDA:1,0,0,1
BRDA:1,0,1,1
BRF:2
BRH:2
end_of_record
